<?xml version="1.0" encoding="UTF-8"?>
<testsuite xmlns:xsi="http://www.w3.org/2001/XMLSchema-instance" xsi:noNamespaceSchemaLocation="https://maven.apache.org/surefire/maven-surefire-plugin/xsd/surefire-test-report-3.0.xsd" version="3.0" name="TestSuite" time="4.944" tests="1" errors="0" skipped="0" failures="1">
  <properties>
    <property name="java.specification.version" value="15"/>
    <property name="sun.jnu.encoding" value="UTF-8"/>
    <property name="java.class.path" value="/Users/swapnilgorey/IdeaProjects/PracticeAutomation/target/test-classes:/Users/swapnilgorey/IdeaProjects/PracticeAutomation/target/classes:/Users/swapnilgorey/.m2/repository/org/seleniumhq/selenium/selenium-remote-driver/3.14.0/selenium-remote-driver-3.14.0.jar:/Users/swapnilgorey/.m2/repository/org/seleniumhq/selenium/selenium-api/3.14.0/selenium-api-3.14.0.jar:/Users/swapnilgorey/.m2/repository/net/bytebuddy/byte-buddy/1.8.15/byte-buddy-1.8.15.jar:/Users/swapnilgorey/.m2/repository/org/apache/commons/commons-exec/1.3/commons-exec-1.3.jar:/Users/swapnilgorey/.m2/repository/commons-codec/commons-codec/1.10/commons-codec-1.10.jar:/Users/swapnilgorey/.m2/repository/commons-logging/commons-logging/1.2/commons-logging-1.2.jar:/Users/swapnilgorey/.m2/repository/org/apache/httpcomponents/httpclient/4.5.5/httpclient-4.5.5.jar:/Users/swapnilgorey/.m2/repository/org/apache/httpcomponents/httpcore/4.4.9/httpcore-4.4.9.jar:/Users/swapnilgorey/.m2/repository/com/squareup/okhttp3/okhttp/3.10.0/okhttp-3.10.0.jar:/Users/swapnilgorey/.m2/repository/com/squareup/okio/okio/1.14.1/okio-1.14.1.jar:/Users/swapnilgorey/.m2/repository/org/seleniumhq/selenium/selenium-java/3.141.59/selenium-java-3.141.59.jar:/Users/swapnilgorey/.m2/repository/org/seleniumhq/selenium/selenium-chrome-driver/3.141.59/selenium-chrome-driver-3.141.59.jar:/Users/swapnilgorey/.m2/repository/org/seleniumhq/selenium/selenium-edge-driver/3.141.59/selenium-edge-driver-3.141.59.jar:/Users/swapnilgorey/.m2/repository/org/seleniumhq/selenium/selenium-firefox-driver/3.141.59/selenium-firefox-driver-3.141.59.jar:/Users/swapnilgorey/.m2/repository/org/seleniumhq/selenium/selenium-ie-driver/3.141.59/selenium-ie-driver-3.141.59.jar:/Users/swapnilgorey/.m2/repository/org/seleniumhq/selenium/selenium-opera-driver/3.141.59/selenium-opera-driver-3.141.59.jar:/Users/swapnilgorey/.m2/repository/org/seleniumhq/selenium/selenium-safari-driver/3.141.59/selenium-safari-driver-3.141.59.jar:/Users/swapnilgorey/.m2/repository/org/seleniumhq/selenium/selenium-support/3.141.59/selenium-support-3.141.59.jar:/Users/swapnilgorey/.m2/repository/io/appium/java-client/6.0.0/java-client-6.0.0.jar:/Users/swapnilgorey/.m2/repository/com/google/code/gson/gson/2.8.4/gson-2.8.4.jar:/Users/swapnilgorey/.m2/repository/cglib/cglib/3.2.6/cglib-3.2.6.jar:/Users/swapnilgorey/.m2/repository/org/ow2/asm/asm/6.0/asm-6.0.jar:/Users/swapnilgorey/.m2/repository/org/apache/ant/ant/1.9.6/ant-1.9.6.jar:/Users/swapnilgorey/.m2/repository/org/apache/ant/ant-launcher/1.9.6/ant-launcher-1.9.6.jar:/Users/swapnilgorey/.m2/repository/commons-validator/commons-validator/1.6/commons-validator-1.6.jar:/Users/swapnilgorey/.m2/repository/commons-beanutils/commons-beanutils/1.9.2/commons-beanutils-1.9.2.jar:/Users/swapnilgorey/.m2/repository/commons-digester/commons-digester/1.8.1/commons-digester-1.8.1.jar:/Users/swapnilgorey/.m2/repository/commons-collections/commons-collections/3.2.2/commons-collections-3.2.2.jar:/Users/swapnilgorey/.m2/repository/org/apache/commons/commons-lang3/3.7/commons-lang3-3.7.jar:/Users/swapnilgorey/.m2/repository/commons-io/commons-io/2.6/commons-io-2.6.jar:/Users/swapnilgorey/.m2/repository/org/springframework/spring-context/5.0.5.RELEASE/spring-context-5.0.5.RELEASE.jar:/Users/swapnilgorey/.m2/repository/org/springframework/spring-aop/5.0.5.RELEASE/spring-aop-5.0.5.RELEASE.jar:/Users/swapnilgorey/.m2/repository/org/springframework/spring-beans/5.0.5.RELEASE/spring-beans-5.0.5.RELEASE.jar:/Users/swapnilgorey/.m2/repository/org/springframework/spring-core/5.0.5.RELEASE/spring-core-5.0.5.RELEASE.jar:/Users/swapnilgorey/.m2/repository/org/springframework/spring-jcl/5.0.5.RELEASE/spring-jcl-5.0.5.RELEASE.jar:/Users/swapnilgorey/.m2/repository/org/springframework/spring-expression/5.0.5.RELEASE/spring-expression-5.0.5.RELEASE.jar:/Users/swapnilgorey/.m2/repository/org/aspectj/aspectjweaver/1.9.1/aspectjweaver-1.9.1.jar:/Users/swapnilgorey/.m2/repository/org/openpnp/opencv/3.2.0-1/opencv-3.2.0-1.jar:/Users/swapnilgorey/.m2/repository/javax/websocket/javax.websocket-api/1.1/javax.websocket-api-1.1.jar:/Users/swapnilgorey/.m2/repository/org/glassfish/tyrus/tyrus-client/1.13.1/tyrus-client-1.13.1.jar:/Users/swapnilgorey/.m2/repository/org/glassfish/tyrus/tyrus-core/1.13.1/tyrus-core-1.13.1.jar:/Users/swapnilgorey/.m2/repository/org/glassfish/tyrus/tyrus-spi/1.13.1/tyrus-spi-1.13.1.jar:/Users/swapnilgorey/.m2/repository/org/glassfish/tyrus/tyrus-container-grizzly/1.2.1/tyrus-container-grizzly-1.2.1.jar:/Users/swapnilgorey/.m2/repository/org/glassfish/grizzly/grizzly-framework/2.3.3/grizzly-framework-2.3.3.jar:/Users/swapnilgorey/.m2/repository/org/glassfish/grizzly/grizzly-http-server/2.3.3/grizzly-http-server-2.3.3.jar:/Users/swapnilgorey/.m2/repository/org/glassfish/grizzly/grizzly-http/2.3.3/grizzly-http-2.3.3.jar:/Users/swapnilgorey/.m2/repository/org/glassfish/grizzly/grizzly-rcm/2.3.3/grizzly-rcm-2.3.3.jar:/Users/swapnilgorey/.m2/repository/org/testng/testng/7.4.0/testng-7.4.0.jar:/Users/swapnilgorey/.m2/repository/com/beust/jcommander/1.78/jcommander-1.78.jar:/Users/swapnilgorey/.m2/repository/org/webjars/jquery/3.5.1/jquery-3.5.1.jar:/Users/swapnilgorey/.m2/repository/com/google/guava/guava/25.0-jre/guava-25.0-jre.jar:/Users/swapnilgorey/.m2/repository/com/google/code/findbugs/jsr305/1.3.9/jsr305-1.3.9.jar:/Users/swapnilgorey/.m2/repository/org/checkerframework/checker-compat-qual/2.0.0/checker-compat-qual-2.0.0.jar:/Users/swapnilgorey/.m2/repository/com/google/errorprone/error_prone_annotations/2.1.3/error_prone_annotations-2.1.3.jar:/Users/swapnilgorey/.m2/repository/com/google/j2objc/j2objc-annotations/1.1/j2objc-annotations-1.1.jar:/Users/swapnilgorey/.m2/repository/org/codehaus/mojo/animal-sniffer-annotations/1.14/animal-sniffer-annotations-1.14.jar:/Users/swapnilgorey/.m2/repository/io/cucumber/cucumber-java/1.2.6/cucumber-java-1.2.6.jar:/Users/swapnilgorey/.m2/repository/io/cucumber/cucumber-core/1.2.6/cucumber-core-1.2.6.jar:/Users/swapnilgorey/.m2/repository/io/cucumber/cucumber-testng/1.2.6/cucumber-testng-1.2.6.jar:/Users/swapnilgorey/.m2/repository/info/cukes/cucumber-html/0.2.3/cucumber-html-0.2.3.jar:/Users/swapnilgorey/.m2/repository/info/cukes/cucumber-jvm-deps/1.0.5/cucumber-jvm-deps-1.0.5.jar:/Users/swapnilgorey/.m2/repository/info/cukes/gherkin/2.12.2/gherkin-2.12.2.jar:/Users/swapnilgorey/.m2/repository/io/cucumber/cucumber-jvm-deps/1.0.6/cucumber-jvm-deps-1.0.6.jar:/Users/swapnilgorey/.m2/repository/org/json/json/20210307/json-20210307.jar:/Users/swapnilgorey/.m2/repository/com/googlecode/json-simple/json-simple/1.1.1/json-simple-1.1.1.jar:/Users/swapnilgorey/.m2/repository/junit/junit/4.10/junit-4.10.jar:/Users/swapnilgorey/.m2/repository/org/hamcrest/hamcrest-core/1.1/hamcrest-core-1.1.jar:/Users/swapnilgorey/.m2/repository/javax/json/javax.json-api/1.1.4/javax.json-api-1.1.4.jar:/Users/swapnilgorey/.m2/repository/com/github/javadev/underscore/1.65/underscore-1.65.jar:/Users/swapnilgorey/.m2/repository/com/fasterxml/jackson/core/jackson-core/2.12.3/jackson-core-2.12.3.jar:/Users/swapnilgorey/.m2/repository/com/google/api-client/google-api-client/1.22.0/google-api-client-1.22.0.jar:/Users/swapnilgorey/.m2/repository/com/google/oauth-client/google-oauth-client/1.22.0/google-oauth-client-1.22.0.jar:/Users/swapnilgorey/.m2/repository/com/google/http-client/google-http-client/1.22.0/google-http-client-1.22.0.jar:/Users/swapnilgorey/.m2/repository/com/google/http-client/google-http-client-jackson2/1.22.0/google-http-client-jackson2-1.22.0.jar:/Users/swapnilgorey/.m2/repository/com/google/guava/guava-jdk5/17.0/guava-jdk5-17.0.jar:"/>
    <property name="java.vm.vendor" value="Oracle Corporation"/>
    <property name="sun.arch.data.model" value="64"/>
    <property name="java.vendor.url" value="https://java.oracle.com/"/>
    <property name="user.timezone" value="America/New_York"/>
    <property name="os.name" value="Mac OS X"/>
    <property name="java.vm.specification.version" value="15"/>
    <property name="sun.java.launcher" value="SUN_STANDARD"/>
    <property name="user.country" value="US"/>
    <property name="sun.boot.library.path" value="/Library/Java/JavaVirtualMachines/jdk-15.0.1.jdk/Contents/Home/lib"/>
    <property name="sun.java.command" value="/Users/swapnilgorey/IdeaProjects/PracticeAutomation/target/surefire/surefirebooter13890039429462113380.jar /Users/swapnilgorey/IdeaProjects/PracticeAutomation/target/surefire 2022-02-10T23-42-19_787-jvmRun1 surefire4521397748555186970tmp surefire_014917299565361285170tmp"/>
    <property name="http.nonProxyHosts" value="local|*.local|169.254/16|*.169.254/16"/>
    <property name="jdk.debug" value="release"/>
    <property name="surefire.test.class.path" value="/Users/swapnilgorey/IdeaProjects/PracticeAutomation/target/test-classes:/Users/swapnilgorey/IdeaProjects/PracticeAutomation/target/classes:/Users/swapnilgorey/.m2/repository/org/seleniumhq/selenium/selenium-remote-driver/3.14.0/selenium-remote-driver-3.14.0.jar:/Users/swapnilgorey/.m2/repository/org/seleniumhq/selenium/selenium-api/3.14.0/selenium-api-3.14.0.jar:/Users/swapnilgorey/.m2/repository/net/bytebuddy/byte-buddy/1.8.15/byte-buddy-1.8.15.jar:/Users/swapnilgorey/.m2/repository/org/apache/commons/commons-exec/1.3/commons-exec-1.3.jar:/Users/swapnilgorey/.m2/repository/commons-codec/commons-codec/1.10/commons-codec-1.10.jar:/Users/swapnilgorey/.m2/repository/commons-logging/commons-logging/1.2/commons-logging-1.2.jar:/Users/swapnilgorey/.m2/repository/org/apache/httpcomponents/httpclient/4.5.5/httpclient-4.5.5.jar:/Users/swapnilgorey/.m2/repository/org/apache/httpcomponents/httpcore/4.4.9/httpcore-4.4.9.jar:/Users/swapnilgorey/.m2/repository/com/squareup/okhttp3/okhttp/3.10.0/okhttp-3.10.0.jar:/Users/swapnilgorey/.m2/repository/com/squareup/okio/okio/1.14.1/okio-1.14.1.jar:/Users/swapnilgorey/.m2/repository/org/seleniumhq/selenium/selenium-java/3.141.59/selenium-java-3.141.59.jar:/Users/swapnilgorey/.m2/repository/org/seleniumhq/selenium/selenium-chrome-driver/3.141.59/selenium-chrome-driver-3.141.59.jar:/Users/swapnilgorey/.m2/repository/org/seleniumhq/selenium/selenium-edge-driver/3.141.59/selenium-edge-driver-3.141.59.jar:/Users/swapnilgorey/.m2/repository/org/seleniumhq/selenium/selenium-firefox-driver/3.141.59/selenium-firefox-driver-3.141.59.jar:/Users/swapnilgorey/.m2/repository/org/seleniumhq/selenium/selenium-ie-driver/3.141.59/selenium-ie-driver-3.141.59.jar:/Users/swapnilgorey/.m2/repository/org/seleniumhq/selenium/selenium-opera-driver/3.141.59/selenium-opera-driver-3.141.59.jar:/Users/swapnilgorey/.m2/repository/org/seleniumhq/selenium/selenium-safari-driver/3.141.59/selenium-safari-driver-3.141.59.jar:/Users/swapnilgorey/.m2/repository/org/seleniumhq/selenium/selenium-support/3.141.59/selenium-support-3.141.59.jar:/Users/swapnilgorey/.m2/repository/io/appium/java-client/6.0.0/java-client-6.0.0.jar:/Users/swapnilgorey/.m2/repository/com/google/code/gson/gson/2.8.4/gson-2.8.4.jar:/Users/swapnilgorey/.m2/repository/cglib/cglib/3.2.6/cglib-3.2.6.jar:/Users/swapnilgorey/.m2/repository/org/ow2/asm/asm/6.0/asm-6.0.jar:/Users/swapnilgorey/.m2/repository/org/apache/ant/ant/1.9.6/ant-1.9.6.jar:/Users/swapnilgorey/.m2/repository/org/apache/ant/ant-launcher/1.9.6/ant-launcher-1.9.6.jar:/Users/swapnilgorey/.m2/repository/commons-validator/commons-validator/1.6/commons-validator-1.6.jar:/Users/swapnilgorey/.m2/repository/commons-beanutils/commons-beanutils/1.9.2/commons-beanutils-1.9.2.jar:/Users/swapnilgorey/.m2/repository/commons-digester/commons-digester/1.8.1/commons-digester-1.8.1.jar:/Users/swapnilgorey/.m2/repository/commons-collections/commons-collections/3.2.2/commons-collections-3.2.2.jar:/Users/swapnilgorey/.m2/repository/org/apache/commons/commons-lang3/3.7/commons-lang3-3.7.jar:/Users/swapnilgorey/.m2/repository/commons-io/commons-io/2.6/commons-io-2.6.jar:/Users/swapnilgorey/.m2/repository/org/springframework/spring-context/5.0.5.RELEASE/spring-context-5.0.5.RELEASE.jar:/Users/swapnilgorey/.m2/repository/org/springframework/spring-aop/5.0.5.RELEASE/spring-aop-5.0.5.RELEASE.jar:/Users/swapnilgorey/.m2/repository/org/springframework/spring-beans/5.0.5.RELEASE/spring-beans-5.0.5.RELEASE.jar:/Users/swapnilgorey/.m2/repository/org/springframework/spring-core/5.0.5.RELEASE/spring-core-5.0.5.RELEASE.jar:/Users/swapnilgorey/.m2/repository/org/springframework/spring-jcl/5.0.5.RELEASE/spring-jcl-5.0.5.RELEASE.jar:/Users/swapnilgorey/.m2/repository/org/springframework/spring-expression/5.0.5.RELEASE/spring-expression-5.0.5.RELEASE.jar:/Users/swapnilgorey/.m2/repository/org/aspectj/aspectjweaver/1.9.1/aspectjweaver-1.9.1.jar:/Users/swapnilgorey/.m2/repository/org/openpnp/opencv/3.2.0-1/opencv-3.2.0-1.jar:/Users/swapnilgorey/.m2/repository/javax/websocket/javax.websocket-api/1.1/javax.websocket-api-1.1.jar:/Users/swapnilgorey/.m2/repository/org/glassfish/tyrus/tyrus-client/1.13.1/tyrus-client-1.13.1.jar:/Users/swapnilgorey/.m2/repository/org/glassfish/tyrus/tyrus-core/1.13.1/tyrus-core-1.13.1.jar:/Users/swapnilgorey/.m2/repository/org/glassfish/tyrus/tyrus-spi/1.13.1/tyrus-spi-1.13.1.jar:/Users/swapnilgorey/.m2/repository/org/glassfish/tyrus/tyrus-container-grizzly/1.2.1/tyrus-container-grizzly-1.2.1.jar:/Users/swapnilgorey/.m2/repository/org/glassfish/grizzly/grizzly-framework/2.3.3/grizzly-framework-2.3.3.jar:/Users/swapnilgorey/.m2/repository/org/glassfish/grizzly/grizzly-http-server/2.3.3/grizzly-http-server-2.3.3.jar:/Users/swapnilgorey/.m2/repository/org/glassfish/grizzly/grizzly-http/2.3.3/grizzly-http-2.3.3.jar:/Users/swapnilgorey/.m2/repository/org/glassfish/grizzly/grizzly-rcm/2.3.3/grizzly-rcm-2.3.3.jar:/Users/swapnilgorey/.m2/repository/org/testng/testng/7.4.0/testng-7.4.0.jar:/Users/swapnilgorey/.m2/repository/com/beust/jcommander/1.78/jcommander-1.78.jar:/Users/swapnilgorey/.m2/repository/org/webjars/jquery/3.5.1/jquery-3.5.1.jar:/Users/swapnilgorey/.m2/repository/com/google/guava/guava/25.0-jre/guava-25.0-jre.jar:/Users/swapnilgorey/.m2/repository/com/google/code/findbugs/jsr305/1.3.9/jsr305-1.3.9.jar:/Users/swapnilgorey/.m2/repository/org/checkerframework/checker-compat-qual/2.0.0/checker-compat-qual-2.0.0.jar:/Users/swapnilgorey/.m2/repository/com/google/errorprone/error_prone_annotations/2.1.3/error_prone_annotations-2.1.3.jar:/Users/swapnilgorey/.m2/repository/com/google/j2objc/j2objc-annotations/1.1/j2objc-annotations-1.1.jar:/Users/swapnilgorey/.m2/repository/org/codehaus/mojo/animal-sniffer-annotations/1.14/animal-sniffer-annotations-1.14.jar:/Users/swapnilgorey/.m2/repository/io/cucumber/cucumber-java/1.2.6/cucumber-java-1.2.6.jar:/Users/swapnilgorey/.m2/repository/io/cucumber/cucumber-core/1.2.6/cucumber-core-1.2.6.jar:/Users/swapnilgorey/.m2/repository/io/cucumber/cucumber-testng/1.2.6/cucumber-testng-1.2.6.jar:/Users/swapnilgorey/.m2/repository/info/cukes/cucumber-html/0.2.3/cucumber-html-0.2.3.jar:/Users/swapnilgorey/.m2/repository/info/cukes/cucumber-jvm-deps/1.0.5/cucumber-jvm-deps-1.0.5.jar:/Users/swapnilgorey/.m2/repository/info/cukes/gherkin/2.12.2/gherkin-2.12.2.jar:/Users/swapnilgorey/.m2/repository/io/cucumber/cucumber-jvm-deps/1.0.6/cucumber-jvm-deps-1.0.6.jar:/Users/swapnilgorey/.m2/repository/org/json/json/20210307/json-20210307.jar:/Users/swapnilgorey/.m2/repository/com/googlecode/json-simple/json-simple/1.1.1/json-simple-1.1.1.jar:/Users/swapnilgorey/.m2/repository/junit/junit/4.10/junit-4.10.jar:/Users/swapnilgorey/.m2/repository/org/hamcrest/hamcrest-core/1.1/hamcrest-core-1.1.jar:/Users/swapnilgorey/.m2/repository/javax/json/javax.json-api/1.1.4/javax.json-api-1.1.4.jar:/Users/swapnilgorey/.m2/repository/com/github/javadev/underscore/1.65/underscore-1.65.jar:/Users/swapnilgorey/.m2/repository/com/fasterxml/jackson/core/jackson-core/2.12.3/jackson-core-2.12.3.jar:/Users/swapnilgorey/.m2/repository/com/google/api-client/google-api-client/1.22.0/google-api-client-1.22.0.jar:/Users/swapnilgorey/.m2/repository/com/google/oauth-client/google-oauth-client/1.22.0/google-oauth-client-1.22.0.jar:/Users/swapnilgorey/.m2/repository/com/google/http-client/google-http-client/1.22.0/google-http-client-1.22.0.jar:/Users/swapnilgorey/.m2/repository/com/google/http-client/google-http-client-jackson2/1.22.0/google-http-client-jackson2-1.22.0.jar:/Users/swapnilgorey/.m2/repository/com/google/guava/guava-jdk5/17.0/guava-jdk5-17.0.jar:"/>
    <property name="sun.cpu.endian" value="little"/>
    <property name="user.home" value="/Users/swapnilgorey"/>
    <property name="user.language" value="en"/>
    <property name="java.specification.vendor" value="Oracle Corporation"/>
    <property name="java.version.date" value="2020-10-20"/>
    <property name="java.home" value="/Library/Java/JavaVirtualMachines/jdk-15.0.1.jdk/Contents/Home"/>
    <property name="file.separator" value="/"/>
    <property name="basedir" value="/Users/swapnilgorey/IdeaProjects/PracticeAutomation"/>
    <property name="java.vm.compressedOopsMode" value="Zero based"/>
    <property name="line.separator" value="&#10;"/>
    <property name="java.specification.name" value="Java Platform API Specification"/>
    <property name="java.vm.specification.vendor" value="Oracle Corporation"/>
    <property name="surefire.real.class.path" value="/Users/swapnilgorey/IdeaProjects/PracticeAutomation/target/surefire/surefirebooter13890039429462113380.jar"/>
    <property name="sun.management.compiler" value="HotSpot 64-Bit Tiered Compilers"/>
    <property name="ftp.nonProxyHosts" value="local|*.local|169.254/16|*.169.254/16"/>
    <property name="java.runtime.version" value="15.0.1+9-18"/>
    <property name="user.name" value="swapnilgorey"/>
    <property name="path.separator" value=":"/>
    <property name="os.version" value="10.16"/>
    <property name="java.runtime.name" value="Java(TM) SE Runtime Environment"/>
    <property name="file.encoding" value="UTF-8"/>
    <property name="java.vm.name" value="Java HotSpot(TM) 64-Bit Server VM"/>
    <property name="localRepository" value="/Users/swapnilgorey/.m2/repository"/>
    <property name="java.vendor.url.bug" value="https://bugreport.java.com/bugreport/"/>
    <property name="java.io.tmpdir" value="/var/folders/_9/1b84b9xj02b9gbrqyp2n_dcw0000gn/T/"/>
    <property name="java.version" value="15.0.1"/>
    <property name="user.dir" value="/Users/swapnilgorey/IdeaProjects/PracticeAutomation"/>
    <property name="os.arch" value="x86_64"/>
    <property name="java.vm.specification.name" value="Java Virtual Machine Specification"/>
    <property name="java.library.path" value="/Users/swapnilgorey/Library/Java/Extensions:/Library/Java/Extensions:/Network/Library/Java/Extensions:/System/Library/Java/Extensions:/usr/lib/java:."/>
    <property name="java.vm.info" value="mixed mode, sharing"/>
    <property name="java.vendor" value="Oracle Corporation"/>
    <property name="java.vm.version" value="15.0.1+9-18"/>
    <property name="sun.io.unicode.encoding" value="UnicodeBig"/>
    <property name="socksNonProxyHosts" value="local|*.local|169.254/16|*.169.254/16"/>
    <property name="java.class.version" value="59.0"/>
  </properties>
  <testcase name="feature[Youtube Search Validation](1)" classname="com.practiceautomation.TestRunner.TestRunner" time="4.37">
    <failure message="java.lang.AssertionError: expected [true] but found [false]" type="cucumber.runtime.CucumberException"><![CDATA[cucumber.runtime.CucumberException: java.lang.AssertionError: expected [true] but found [false]
	at com.practiceautomation.TestRunner.TestRunner.feature(TestRunner.java:31)
Caused by: java.lang.AssertionError: expected [true] but found [false]
]]></failure>
    <system-out><![CDATA[Feature: Youtube Search Validation
YouTube

  Scenario: Search a video on Youtube with given text &amp#27;[90m# TestCases.feature:2&amp#27;[0m
    &amp#27;[32mGiven &amp#27;[0m&amp#27;[32mUser launches Browser&amp#27;[0m                       &amp#27;[90m# TestCasesStepDef.openBrowser()&amp#27;[0m
    &amp#27;[31mAnd &amp#27;[0m&amp#27;[31mLaunches you tube website&amp#27;[0m                     &amp#27;[90m# TestCasesStepDef.launchYoutube()&amp#27;[0m
      &amp#27;[31mjava.lang.AssertionError: expected [true] but found [false]
      	at org.testng.Assert.fail(Assert.java:99)
      	at org.testng.Assert.failNotEquals(Assert.java:1037)
      	at org.testng.Assert.assertTrue(Assert.java:45)
      	at org.testng.Assert.assertTrue(Assert.java:55)
      	at com.practiceautomation.StepDef.TestCasesStepDef.launchYoutube(TestCasesStepDef.java:38)
      	at ✽.And Launches you tube website(TestCases.feature:4)
      &amp#27;[0m
]]></system-out>
    <system-err><![CDATA[Starting ChromeDriver 98.0.4758.80 (7f0488e8ba0d8e019187c6325a16c29d9b7f4989-refs/branch-heads/4758@{#972}) on port 37248
Only local connections are allowed.
Please see https://chromedriver.chromium.org/security-considerations for suggestions on keeping ChromeDriver safe.
ChromeDriver was started successfully.
Feb 10, 2022 11:42:22 PM org.openqa.selenium.remote.ProtocolHandshake createSession
INFO: Detected dialect: W3C
]]></system-err>
  </testcase>
</testsuite>